This file contains any messages produced by compilers while
running configure, to aid debugging if configure makes a mistake.

configure:584: checking for a BSD compatible install
configure:637: checking whether build environment is sane
configure:694: checking whether make sets ${MAKE}
configure:740: checking for working aclocal
configure:753: checking for working autoconf
configure:766: checking for working automake
configure:779: checking for working autoheader
configure:792: checking for working makeinfo
configure:812: checking host system type
configure:833: checking target system type
configure:882: checking for gcc
configure:995: checking whether the C compiler (gcc  ) works
configure:1011: gcc -o conftest    conftest.c  1>&5
configure:1008:1: warning: return type defaults to 'int' [-Wimplicit-int]
 main(){return(0);}
 ^
configure:1037: checking whether the C compiler (gcc  ) is a cross-compiler
configure:1042: checking whether we are using GNU C
configure:1070: checking whether gcc accepts -g
configure:1171: checking build system type
configure:1191: checking for ranlib
configure:1230: checking for ld used by GCC
configure:1292: checking if the linker (/usr/x86_64-suse-linux/bin/ld) is GNU ld
configure:1308: checking for BSD-compatible nm
configure:1344: checking whether ln -s works
ltconfig:603: checking for object suffix
ltconfig:604: gcc -c -g -O2  conftest.c 1>&5
ltconfig:776: checking if gcc PIC flag -fPIC works
ltconfig:777: gcc -c -g -O2 -fPIC -DPIC  conftest.c 1>&5
ltconfig:829: checking if gcc supports -c -o file.o
ltconfig:830: gcc -c -g -O2 -o out/conftest2.o  conftest.c 1>&5
ltconfig:862: checking if gcc supports -c -o file.lo
ltconfig:863: gcc -c -g -O2 -c -o conftest.lo  conftest.c 1>&5
ltconfig:914: checking if gcc supports -fno-rtti -fno-exceptions
ltconfig:915: gcc -c -g -O2 -fno-rtti -fno-exceptions -c conftest.c  conftest.c 1>&5
ltconfig:958: checking if gcc static flag -static works
ltconfig:959: gcc -o conftest -g -O2   -static conftest.c  1>&5
conftest.c:1:1: warning: return type defaults to 'int' [-Wimplicit-int]
 main(){return(0);}
 ^
GNU ld (GNU Binutils; SUSE Linux Enterprise 11) 2.23.1
ltconfig:1653: checking if global_symbol_pipe works
ltconfig:1654: gcc -c -g -O2  conftest.c 1>&5
conftest.c:9:1: warning: return type defaults to 'int' [-Wimplicit-int]
 main(){nm_test_var='a';nm_test_func();return(0);}
 ^
ltconfig:1657: eval "/usr/bin/nm -B conftest.o | sed -n -e 's/^.*[ 	]\([ABCDGISTW]\)[ 	][ 	]*\(\)\([_A-Za-z][_A-Za-z0-9]*\)$/\1 \2\3 \3/p' > conftest.nm"
ltconfig:1709: gcc -o conftest -g -O2 -fno-builtin   conftest.c conftstm.o 1>&5
configure:1529: checking whether make sets ${MAKE}
configure:1567: checking for a BSD compatible install
configure:1624: checking for uname
configure:1655: checking for uname
configure:1684: checking how to run the C preprocessor
configure:1764: checking for ANSI C header files
configure:1868: checking for pow in -lm
configure:1988: checking for X
configure:2302: checking for dnet_ntoa in -ldnet
configure:2343: checking for dnet_ntoa in -ldnet_stub
configure:2391: checking for gethostbyname
configure:2489: checking for connect
configure:2581: checking for remove
configure:2673: checking for shmat
configure:2774: checking for IceConnectionNumber in -lICE
configure:2831: checking for Gpm_Repeat in -lgpm
configure:3010: checking for SLsmg_init_smg in -lslang
configure:3941: checking for ANSI C header files
configure:4048: checking for fcntl.h
configure:4048: checking for limits.h
configure:4048: checking for malloc.h
configure:4048: checking for sys/ioctl.h
configure:4048: checking for sys/time.h
configure:4048: checking for unistd.h
configure:4086: checking for st_rdev in struct stat
configure:4120: checking whether time.h and sys/time.h may both be included
configure:4157: checking whether gcc needs -traditional
configure:4203: checking return type of signal handlers
configure:4246: checking for strdup
